        -:    0:Source:coverage.c
        -:    0:Graph:coverage.gcno
        -:    0:Data:coverage.gcda
        -:    0:Runs:12
        -:    0:Programs:1
        -:    0:Source is newer than graph
        -:    1:#include <stdio.h>
        -:    2:
        -:    3:static int v[] = {
        -:    4:  211,  333, 319, 411, 911, 1001,
        -:    5:};
        -:    6:
        8:    7:static int compute(int a, int b, int c) {
        8:    8:  int s = v[2];			//s = v[2] = 319,411,911,1001
        8:    9:  if (v[0] < a && a < v[1]) { 	//211 < a < 333
        8:   10:    if (b < v[2]) { 		// b < 319
        2:   11:      s += v[2];		// s[0] += 319
        2:   12:      if (c < v[3]) {		//c < 411
        1:   13:	s += v[4];		// s[0] += 911 
        -:   14:      }
        -:   15:      else {
        1:   16:	s += v[3];
        -:   17:      }
        -:   18:    }
        -:   19:    else {
        2:   20:      s += v[1];
        2:   21:      if (c < v[1]) {
        1:   22:	s += v[4];
        -:   23:      }
        -:   24:      else {
        1:   25:	s += v[2];
        -:   26:      }
        -:   27:    }
        -:   28:  }
        -:   29:  else {
        4:   30:    if (b < v[3]) {
        2:   31:      if (c < v[4]) {
        1:   32:	s += v[5];
        -:   33:      }
        -:   34:      else {
        1:   35:	s += v[1];
        -:   36:      }
        -:   37:    }
        -:   38:    else {
        2:   39:      if (c < v[2]) {
        1:   40:	s += v[1];
        -:   41:      }
        -:   42:      else {
        1:   43:	s += v[3];
        -:   44:      }
        -:   45:    }
        -:   46:  }
        8:   47:  return s;
        -:   48:}
        -:   49:
        -:   50:int 
       12:   51:main()
        -:   52:{
        -:   53:  int a, b, c;
       20:   54:  while (scanf("%d %d %d", &a, &b, &c) == 3) {
        8:   55:    printf("compute(%d, %d, %d) = %d\n", a, b, c, compute(a, b, c));
        -:   56:  }
       12:   57:  return 0;
        -:   58:}
